Mono path[0] = 'D:/Steam/steamapps/common/RimWorld/RimWorldWin64_Data/Managed'
Mono config path = 'D:/Steam/steamapps/common/RimWorld/MonoBleedingEdge/etc'
Initialize engine version: 2019.4.30f1 (e8c891080a1f)
[Subsystems] Discovering subsystems at path D:/Steam/steamapps/common/RimWorld/RimWorldWin64_Data/UnitySubsystems
GfxDevice: creating device client; threaded=1
Direct3D:
    Version:  Direct3D 11.0 [level 11.1]
    Renderer: NVIDIA GeForce RTX 3080 (ID=0x2216)
    Vendor:   
    VRAM:     10053 MB
    Driver:   32.0.15.6094
Begin MonoManager ReloadAssembly
- Completed reload, in  0.102 seconds
<RI> Initializing input.
<RI> Input initialized.
<RI> Initialized touch support.
UnloadTime: 0.646600 ms
Command line arguments: -savedatafolder=C:\Users\crono\AppData\LocalLow\Ludeon Studios\RimWorld by Ludeon Studios
RimWorld 1.5.4402 rev778
Save data folder overridden to C:\Users\crono\AppData\LocalLow\Ludeon Studios\RimWorld by Ludeon Studios
Fallback handler could not load library D:/Steam/steamapps/common/RimWorld/RimWorldWin64_Data/Mono/data-0000014C00696DA0.dll
Fallback handler could not load library D:/Steam/steamapps/common/RimWorld/RimWorldWin64_Data/Mono/data-0000014C0BAAD130.dll
[HugsLib] version 11.0.4
[HugsLib] early-initializing AllowTool
DubsMintMenus v1.3.1086
[Analyzer] ==========================================================================
[Analyzer]                          Analyzer Running In Debug Mode                  
[Analyzer] ==========================================================================
[1.3]Graphics Setter - Loaded
patched
Combat Extended :: Harmony_GenRadial_RadialPatternCount :: Info: Post GenRadial patch maximum radius: 119.4194
CE: Loading Mod Part
CE: Loading Mod Part
Combat Extended :: initialized
[Interaction Bubbles v3.1] Initialized
Fallback handler could not load library D:/Steam/steamapps/common/RimWorld/RimWorldWin64_Data/Mono/data-0000014C136F8550.dll
Project RimFactory Core 1.0.0.0 - Harmony patches successful
Project Rimfactory - added Support for shared Nutrient Dispenser with RimFridge Updated
Project Rimfactory - added Support for Fridge DSU Power using Simple Utilities: Fridge
Project Rimfactory - added Support for Research Tree (Continued) when using Lite Mode
Project Rimfactory - Added Support for QualityBuilder
QualityBuilder successfully patched Replace Stuff
[RimHUD v1.15.3] Initialized
Fallback handler could not load library D:/Steam/steamapps/common/RimWorld/RimWorldWin64_Data/Mono/data-0000014C140A7400.dll
Fallback handler could not load library D:/Steam/steamapps/common/RimWorld/RimWorldWin64_Data/Mono/data-0000014C140BFE40.dll
Fallback handler could not load library D:/Steam/steamapps/common/RimWorld/RimWorldWin64_Data/Mono/data-0000014C140D2EE0.dll
Fallback handler could not load library D:/Steam/steamapps/common/RimWorld/RimWorldWin64_Data/Mono/data-0000014C158472B0.dll
Fallback handler could not load library D:/Steam/steamapps/common/RimWorld/RimWorldWin64_Data/Mono/data-0000014C140DFEF0.dll
GAGARIN: <color=green>StartUpStarted called!</color>
GAGARIN: <color=green>Cache found</color> 
(Filename: C:\buildslave\unity\build\Runtime/Export/Debug/Debug.bindings.h Line: 39)

GAGARIN: <color=yello>Cache disabled from</color>
Gagarin.StartupHelper:StartUpStarted():0
System.Reflection.MonoMethod:InternalInvoke():0
System.Reflection.MonoMethod:Invoke():0
System.Reflection.MethodBase:Invoke():0
RocketMan.FunctionsUtility+<>c__DisplayClass1_0`1[[RocketMan.Main+OnInitialization, Cosmodrome, Version=0.6.3.2421, Culture=neutral, PublicKeyToken=null]]:<GetActions>b__3():0
RocketMan.RocketMod:.ctor():0
System.Reflection.MonoCMethod:InternalInvoke():0
System.Reflection.MonoCMethod:InternalInvoke():0
System.Reflection.MonoCMethod:DoInvoke():0
System.Reflection.MonoCMethod:Invoke():0
System.RuntimeType:CreateInstanceImpl():0
System.Activator:CreateInstance():0
System.Activator:CreateInstance():0
Verse.LoadedModManager:CreateModClasses():0
Verse.LoadedModManager:LoadAllActiveMods():0
Verse.PlayDataLoader:DoPlayLoad():0
Verse.PlayDataLoader:LoadAllPlayData():0
Verse.Root+<>c:<Start>b__6_1():0
Verse.LongEventHandler:RunEventFromAnotherThread():0
Verse.LongEventHandler+<>c:<UpdateCurrentAsynchronousEvent>b__28_0():0
System.Threading.ThreadHelper:ThreadStart_Context():0
System.Threading.ExecutionContext:RunInternal():0
System.Threading.ExecutionContext:Run():0
System.Threading.ExecutionContext:Run():0
System.Threading.ThreadHelper:ThreadStart():0 
(Filename: C:\buildslave\unity\build\Runtime/Export/Debug/Debug.bindings.h Line: 39)

GAGARIN: Mod list changed! Deleting cache 
(Filename: C:\buildslave\unity\build\Runtime/Export/Debug/Debug.bindings.h Line: 39)

GAGARIN: <color=green>Cache not found or got purged!</color> 
(Filename: C:\buildslave\unity\build\Runtime/Export/Debug/Debug.bindings.h Line: 39)

b.4402:3/17/2025 12:00:00 AM:1.5.4402 rev778
b.4402:3/17/2025 12:00:00 AM:1.5.4402 rev778
b.4402:3/17/2025 12:00:00 AM:1.5.4402 rev778
b.4402:3/17/2025 12:00:00 AM:1.5.4402 rev778
GAGARIN: <color=white>LoadModXML_Profiler</color> took <color=red>16.389</color> seconds 
(Filename: C:\buildslave\unity\build\Runtime/Export/Debug/Debug.bindings.h Line: 39)

GAGARIN: CombineIntoUnifiedXML has <color=red>Context.IsUsingCache=False</color> 
(Filename: C:\buildslave\unity\build\Runtime/Export/Debug/Debug.bindings.h Line: 39)

GAGARIN: <color=white>CombineIntoUnifiedXML_Profiler</color> took <color=red>1.652</color> seconds 
(Filename: C:\buildslave\unity\build\Runtime/Export/Debug/Debug.bindings.h Line: 39)

GAGARIN: <color=white>TKeySystem.Parse</color> took <color=red>0.002</color> seconds 
(Filename: C:\buildslave\unity\build\Runtime/Export/Debug/Debug.bindings.h Line: 39)

[XML Extensions]: Advanced XML Debugging is enabled 
(Filename: C:\buildslave\unity\build\Runtime/Export/Debug/Debug.bindings.h Line: 39)

[Combat Extended - Start of stack trace]
Verse.PatchOperationReplace(xpath="Defs/HediffDef[defName="SimpleProstheticArm"]/comps/li[@Class="HediffCompProperties_VerbGiver"]/tools"): Failed to find a node with the given xpath
[End of stack trace]
The top operation is the one that failed, the ones below it are the parents
Source file: D:\Steam\steamapps\workshop\content\294100\2890901044\Patches\Core\HediffDefs\Hediffs_Local_AddedParts.xml
 
(Filename: C:\buildslave\unity\build\Runtime/Export/Debug/Debug.bindings.h Line: 39)

[[FSF] FrozenSnowFox Tweaks - Start of stack trace]
Verse.PatchOperationAdd(xpath="/Defs/TraitDef[defName = "PsychicSensitivity"]/degreeDatas/li [label = "psychically hypersensitive"]/statOffsets"): Failed to find a node with the given xpath
Verse.PatchOperationSequence: Error in the operation at position=1
XmlExtensions.OptionalPatch(key='FSFUpdatePsychicStuff', defaultValue='false'): Error in <caseTrue> in the operation at position=1
[End of stack trace]
The top operation is the one that failed, the ones below it are the parents
Source file: D:\Steam\steamapps\workshop\content\294100\2893432492\1.5\Ludeon\Core\Patches\Update_Psychic_Stuff.xml
 
(Filename: C:\buildslave\unity\build\Runtime/Export/Debug/Debug.bindings.h Line: 39)

GAGARIN: <color=white>ApplyPatches_Profiler</color> took <color=red>74.426</color> seconds 
(Filename: C:\buildslave\unity\build\Runtime/Export/Debug/Debug.bindings.h Line: 39)

XML error: Could not find parent node named "SurgeryOld" for node "RecipeDef". Full node: <RecipeDef ParentName="SurgeryOld"><defName>CureInjuryBlast</defName><label>cure blast</label><description>Cure blast.</description><workerClass>ScarRemoving.Recipe_RemoveHediff_noBrain</workerClass><jobString>Curing blast.</jobString><workAmount>2000</workAmount><surgerySuccessChanceFactor>1.55</surgerySuccessChanceFactor><ingredients><li><filter><thingDefs><li>MedicineUltratech</li></thingDefs></filter><count>3</count></li></ingredients><fixedIngredientFilter><thingDefs><li>MedicineUltratech</li></thingDefs></fixedIngredientFilter><skillRequirements><Medicine>10</Medicine></skillRequirements><removesHediff>Blast</removesHediff><researchPrerequisite>RegenerativeMedicine</researchPrerequisite></RecipeDef> 
(Filename: C:\buildslave\unity\build\Runtime/Export/Debug/Debug.bindings.h Line: 39)

GAGARIN: <color=white>XmlInheritance.Resolve</color> took <color=red>0.376</color> seconds 
(Filename: C:\buildslave\unity\build\Runtime/Export/Debug/Debug.bindings.h Line: 39)

b.4402:3/17/2025 12:00:00 AM:1.5.4402 rev778
GAGARIN: <color=white>Cache created!</color> creating cache took <color=green>0 seconds</color> 
(Filename: C:\buildslave\unity\build\Runtime/Export/Debug/Debug.bindings.h Line: 39)

GAGARIN: <color=white>ParseAndProcessXML_Profiler</color> took <color=red>15.566</color> seconds 
(Filename: C:\buildslave\unity\build\Runtime/Export/Debug/Debug.bindings.h Line: 39)

[Combat Extended] Patch operation Verse.PatchOperationReplace(Defs/HediffDef[defName="SimpleProstheticArm"]/comps/li[@Class="HediffCompProperties_VerbGiver"]/tools) failed
file: D:\Steam\steamapps\workshop\content\294100\2890901044\Patches\Core\HediffDefs\Hediffs_Local_AddedParts.xml 
(Filename: C:\buildslave\unity\build\Runtime/Export/Debug/Debug.bindings.h Line: 39)

[[FSF] FrozenSnowFox Tweaks] Patch operation XmlExtensions.OptionalPatch failed
file: D:\Steam\steamapps\workshop\content\294100\2893432492\1.5\Ludeon\Core\Patches\Update_Psychic_Stuff.xml 
(Filename: C:\buildslave\unity\build\Runtime/Export/Debug/Debug.bindings.h Line: 39)

GAGARIN: <color=white>ClearCachedPatches_Profiler</color> took <color=red>0</color> seconds 
(Filename: C:\buildslave\unity\build\Runtime/Export/Debug/Debug.bindings.h Line: 39)

Could not resolve cross-reference: No Verse.SoundDef named MeleeHit_Wood_Sharp found to give to Verse.StuffProperties Verse.StuffProperties (using undefined sound instead) 
(Filename: C:\buildslave\unity\build\Runtime/Export/Debug/Debug.bindings.h Line: 39)

Could not resolve cross-reference: No Verse.SoundDef named MeleeHit_Wood_Blunt found to give to Verse.StuffProperties Verse.StuffProperties (using undefined sound instead) 
(Filename: C:\buildslave\unity\build\Runtime/Export/Debug/Debug.bindings.h Line: 39)

[Big and Small]: Found 14 AlienRace.ThingDef_AlienRace ThingDefs.
These are either from HAR races or B&S races automatically converted for compatibility.
Initializing GlobalSettings
There are 2 global settings.
There are 3 returned xenotypes.
There are 3 returned colonist xenotypes.
[SoS2_Shuttle] Implied generation for vehicles is incomplete. Please define the VehicleBuildDef separately to avoid improper vehicle generation. 
(Filename: C:\buildslave\unity\build\Runtime/Export/Debug/Debug.bindings.h Line: 39)

d3d11: failed to create 2D texture id=6726 width=25 height=31 mips=6 dxgifmt=28 [D3D error was 80070057]
 
(Filename:  Line: 587)

d3d11: failed to create 2D texture shader resource view id=6726 [D3D error was 80070057]
 
(Filename:  Line: 537)

d3d11: failed to create 2D texture id=6772 width=62 height=50 mips=7 dxgifmt=28 [D3D error was 80070057]
 
(Filename:  Line: 587)

d3d11: failed to create 2D texture shader resource view id=6772 [D3D error was 80070057]
 
(Filename:  Line: 537)

d3d11: failed to create 2D texture id=31612 width=128 height=511 mips=10 dxgifmt=28 [D3D error was 80070057]
 
(Filename:  Line: 587)

d3d11: failed to create 2D texture shader resource view id=31612 [D3D error was 80070057]
 
(Filename:  Line: 537)

d3d11: failed to create 2D texture id=31630 width=511 height=128 mips=10 dxgifmt=28 [D3D error was 80070057]
 
(Filename:  Line: 587)

d3d11: failed to create 2D texture shader resource view id=31630 [D3D error was 80070057]
 
(Filename:  Line: 537)

d3d11: failed to create 2D texture id=43016 width=14 height=14 mips=5 dxgifmt=28 [D3D error was 80070057]
 
(Filename:  Line: 587)

d3d11: failed to create 2D texture shader resource view id=43016 [D3D error was 80070057]
 
(Filename:  Line: 537)

d3d11: failed to create 2D texture id=43018 width=14 height=14 mips=5 dxgifmt=28 [D3D error was 80070057]
 
(Filename:  Line: 587)

d3d11: failed to create 2D texture shader resource view id=43018 [D3D error was 80070057]
 
(Filename:  Line: 537)

GAGARIN: <color=white>XmlInheritance.Resolve</color> took <color=red>0.376</color> seconds 
(Filename: C:\buildslave\unity\build\Runtime/Export/Debug/Debug.bindings.h Line: 39)

startIndex: 18
endIndex: 25
Start: newobj System.Void System.Text.StringBuilder::.ctor()
End:callvirt virtual System.String System.Object::ToString()
Start: stloc.1 NULL
End:br.s Label4
GAGARIN: <color=white>XmlInheritance.Resolve</color> took <color=red>0.376</color> seconds 
(Filename: C:\buildslave\unity\build\Runtime/Export/Debug/Debug.bindings.h Line: 39)

Translation data for language English has 6 errors. Generate translation report for more info. 
(Filename: C:\buildslave\unity\build\Runtime/Export/Debug/Debug.bindings.h Line: 39)

[XML Extensions] Initialized 2 SettingsMenuDef(s) and found 19 unused key(s) from 1 mod(s)
[XML Extensions] 6911 total patches run in 74211ms, 2 failed
Alien race successfully completed 254 patches with harmony.
[KCSG] Alpha Genes contains 1 missing symbols. 
(Filename: C:\buildslave\unity\build\Runtime/Export/Debug/Debug.bindings.h Line: 39)

[CMColorCodedMoodBar] CMColorCodedMoodBar 1.5.4062.1 initialized
[CMColorCodedMoodBar] Colony Groups Detected
[CMColorCodedMoodBar] Colony Groups Patched
[Davai's Sorted Categories] [SortNastyMeat] starting
[Davai's Sorted Categories] [SortNastyMeat] Moved 4 meat to the Nasty meat category
[Davai's Sorted Categories] [ChangeDefaultSocialDrugs] starting
[Davai's Sorted Categories] [ChangeDefaultSocialDrugs] Added 2 drugs to Social drugs by default
[Davai's Sorted Categories] [SortDrugs] starting
[Davai's Sorted Categories] [SortDrugs] Moved 3 drugs to the Social drugs category
[Davai's Sorted Categories] [SortDrugs] Moved 4 drugs to the Medical drugs category
[Davai's Sorted Categories] [SortDrugs] Moved 5 drugs to the Hard drugs category
[Davai's Sorted Categories] [SortDrugs] Moved 8 sera to the Sera category
[Davai's Sorted Categories] [FixDrugs] starting
[Davai's Sorted Categories] [FixDrugs] finished
Rimatomics found SoS2 -- Patching
ExpandedRoofing: generating dynamic defs
[SmashPhil.SmashTools] Successfully applied compatibility patches for <color=#008080FF>RimHUD</color>
[SmashPhil.VehicleFramework] Successfully applied compatibility patches for <color=#008080FF>Combat Extended</color>
[SmashPhil.VehicleFramework] Successfully applied compatibility patches for <color=#008080FF>Map Preview</color>
[SmashPhil.VehicleFramework] Successfully applied compatibility patches for <color=#008080FF>RimHUD</color>
[SmashPhil.VehicleFramework] Successfully applied compatibility patches for <color=#008080FF>Save Our Ship 2</color>
<color=orange>[VehicleFramework]</color> version 1.5.1704
SOS2 SteamV2.7.4 active
SOS2: Registering compatible roof RoofTransparent
SOS2: Registering compatible roof RoofSolar
[SoS2] Vanilla Expanded framework detected - disabling vehicle wrecks in space
Combat Extended :: Ammo removed
CE successfully patched 2 humanoid alien races
[TrueTerrainColors v1.12.17] Loaded cached true colors for 1128 terrain defs from file.
PickUpAndHaul v1.1.2¼ welcomes you to RimWorld with pointless logspam.
Initializing RPG_Style_Level_Up_Mod_patches...
ApparelBodyTypeResolver Patched
ApparelBodyTypeResolver Patched
[GeneTools] Transpiling Pawn_StoryTracker.ExposeData
[GeneTools] Transpile success.
[GeneTools] Detected HAR!
[GeneTools] Active.
FP_self reloading trap patched.
[Utility Columns] - Patching...
[WeaponsSorter]: CE is loaded, ignoring 240 thingCategories
Weapons Sorter: Updating 168 weapon categories.
Sorting by tech, then by None
Weapons Sorter: Update done.
GAGARIN: <color=green>StartUpFinished called!</color>
MVCF successfully applied 59 patches
[com.VFEProps] Patches on methods annotated as Obsolete were detected by HugsLib: Verse.ThingUtility.CheckAutoRebuildOnDestroyed 
(Filename: C:\buildslave\unity\build\Runtime/Export/Debug/Debug.bindings.h Line: 39)

[de.hatti.rimworld.mod.qualitybuilder] Patches on methods annotated as Obsolete were detected by HugsLib: Verse.ThingUtility.CheckAutoRebuildOnDestroyed 
(Filename: C:\buildslave\unity\build\Runtime/Export/Debug/Debug.bindings.h Line: 39)

OnLevelWasLoaded was found on ModInitializerComponent
This message has been deprecated and will be removed in a later version of Unity.
Add a delegate to SceneManager.sceneLoaded instead to get notifications after scene loading has completed 
(Filename:  Line: 369)

CharacterEditor v1.5.10 initializing...
updating labels for english...
loading pawn slot content from file...
character editor instance created
checking editor settings...
bodysizes genes are active
CharacterEditor v1.5.10 ...done
[AllowTool] Applied compatibility patch for "Pick Up And Haul"
Combat Extended :: Ammo removed
Combat Extended :: Bounds pre-generated
Combat Extended :: Checking Vehicle Framework
Combat Extended :: Installing Vehicle Framework
Vanilla Psycasts Expanded loaded: True
Combat Extended :: Checking SOS2
Combat Extended :: Installing SOS2
Combat Extended :: Checking Misc Turrets
Combat Extended :: Checking SRTS Expanded
Combat Extended :: Checking Better Turrets
Checking Multiplayer Compat
[HugsLib] initializing ImprovedWorkbenches, DefensivePositions, LightMap, MapReroll
[ImprovedWorkbenches] Adding support for ProjectRimFactory
Starting patches: 3129 - 3/19/2025 12:02:29 PM
[ResearchTree]: 	redundant prerequisites for Autocannon turret: Microelectronics, 
Gas operation, 
Gun turrets. Removing. 
(Filename: C:\buildslave\unity\build\Runtime/Export/Debug/Debug.bindings.h Line: 39)

[ResearchTree]: 	redundant prerequisites for Ship computer core: Starflight basics. Removing. 
(Filename: C:\buildslave\unity\build\Runtime/Export/Debug/Debug.bindings.h Line: 39)

[ResearchTree]: 	redundant prerequisites for Shuttle: Starflight basics. Removing. 
(Filename: C:\buildslave\unity\build\Runtime/Export/Debug/Debug.bindings.h Line: 39)

[ResearchTree]: 	redundant prerequisites for Sapient holodeck: Multi-analyzer. Removing. 
(Filename: C:\buildslave\unity\build\Runtime/Export/Debug/Debug.bindings.h Line: 39)

[ResearchTree]: 	redundant prerequisites for Sunlight Power Generator: Electricity. Removing. 
(Filename: C:\buildslave\unity\build\Runtime/Export/Debug/Debug.bindings.h Line: 39)

[ResearchTree]: 	redundant prerequisites for Omni-robotics: Robotics:
Fundamentals. Removing. 
(Filename: C:\buildslave\unity\build\Runtime/Export/Debug/Debug.bindings.h Line: 39)

[ResearchTree]: 	redundant prerequisites for Euler's identity: Electricity. Removing. 
(Filename: C:\buildslave\unity\build\Runtime/Export/Debug/Debug.bindings.h Line: 39)

[ResearchTree]: 	VFE_HardwareUpgrade has a lower techlevel than (one of) it's prerequisites, increasing. 
(Filename: C:\buildslave\unity\build\Runtime/Export/Debug/Debug.bindings.h Line: 39)

[OgreStack]: Modify Stack Sizes Complete
CE is trying to create default parameter lists ...
creating default parameter list for genes...
1140 default entities for genes created
creating default parameter list for objects...
5290 default entities for objects created
creating default parameter list for turrets...
79 default entities for turrets created
...lists created
CE is trying to apply modified parameters...
no modifications for genes
no modifications for objects
no modifications for lifestages
...done
Finished transpiling 3129 methods - 3/19/2025 12:03:28 PM
Weapons Sorter: Updating 168 weapon categories.
Sorting by tech, then by None
Weapons Sorter: Update done.
[Analyzer] Failed to capture Harmony ctor, exception: Object reference not set to an instance of an object, occured at 
Analyzer.Profiling.RememberHarmonyIDs:Prefix(string)
 
(Filename: C:\buildslave\unity\build\Runtime/Export/Debug/Debug.bindings.h Line: 39)

[Analyzer] Failed to capture Harmony ctor, exception: Object reference not set to an instance of an object, occured at 
Analyzer.Profiling.RememberHarmonyIDs:Prefix(string)
 
(Filename: C:\buildslave\unity\build\Runtime/Export/Debug/Debug.bindings.h Line: 39)

[Analyzer] Failed to capture Harmony ctor, exception: Object reference not set to an instance of an object, occured at 
Analyzer.Profiling.RememberHarmonyIDs:Prefix(string)
 
(Filename: C:\buildslave\unity\build\Runtime/Export/Debug/Debug.bindings.h Line: 39)

[Analyzer] Failed to capture Harmony ctor, exception: Object reference not set to an instance of an object, occured at 
Analyzer.Profiling.RememberHarmonyIDs:Prefix(string)
 
(Filename: C:\buildslave\unity\build\Runtime/Export/Debug/Debug.bindings.h Line: 39)

[Analyzer] Failed to capture Harmony ctor, exception: Object reference not set to an instance of an object, occured at 
Analyzer.Profiling.RememberHarmonyIDs:Prefix(string)
 
(Filename: C:\buildslave\unity\build\Runtime/Export/Debug/Debug.bindings.h Line: 39)

[Analyzer] Failed to capture Harmony ctor, exception: Object reference not set to an instance of an object, occured at 
Analyzer.Profiling.RememberHarmonyIDs:Prefix(string)
 
(Filename: C:\buildslave\unity\build\Runtime/Export/Debug/Debug.bindings.h Line: 39)

[Analyzer] Failed to capture Harmony ctor, exception: Object reference not set to an instance of an object, occured at 
Analyzer.Profiling.RememberHarmonyIDs:Prefix(string)
 
(Filename: C:\buildslave\unity\build\Runtime/Export/Debug/Debug.bindings.h Line: 39)

[Analyzer] Failed to capture Harmony ctor, exception: Object reference not set to an instance of an object, occured at 
Analyzer.Profiling.RememberHarmonyIDs:Prefix(string)
 
(Filename: C:\buildslave\unity\build\Runtime/Export/Debug/Debug.bindings.h Line: 39)

[Analyzer] Failed to capture Harmony ctor, exception: Object reference not set to an instance of an object, occured at 
Analyzer.Profiling.RememberHarmonyIDs:Prefix(string)
 
(Filename: C:\buildslave\unity\build\Runtime/Export/Debug/Debug.bindings.h Line: 39)

[Analyzer] Failed to capture Harmony ctor, exception: Object reference not set to an instance of an object, occured at 
Analyzer.Profiling.RememberHarmonyIDs:Prefix(string)
 
(Filename: C:\buildslave\unity\build\Runtime/Export/Debug/Debug.bindings.h Line: 39)

[Analyzer] Failed to capture Harmony ctor, exception: Object reference not set to an instance of an object, occured at 
Analyzer.Profiling.RememberHarmonyIDs:Prefix(string)
 
(Filename: C:\buildslave\unity\build\Runtime/Export/Debug/Debug.bindings.h Line: 39)

[Analyzer] Failed to capture Harmony ctor, exception: Object reference not set to an instance of an object, occured at 
Analyzer.Profiling.RememberHarmonyIDs:Prefix(string)
 
(Filename: C:\buildslave\unity\build\Runtime/Export/Debug/Debug.bindings.h Line: 39)

[Analyzer] Failed to capture Harmony ctor, exception: Object reference not set to an instance of an object, occured at 
Analyzer.Profiling.RememberHarmonyIDs:Prefix(string)
 
(Filename: C:\buildslave\unity\build\Runtime/Export/Debug/Debug.bindings.h Line: 39)

[Analyzer] Failed to capture Harmony ctor, exception: Object reference not set to an instance of an object, occured at 
Analyzer.Profiling.RememberHarmonyIDs:Prefix(string)
 
(Filename: C:\buildslave\unity\build\Runtime/Export/Debug/Debug.bindings.h Line: 39)

[Analyzer] Failed to capture Harmony ctor, exception: Object reference not set to an instance of an object, occured at 
Analyzer.Profiling.RememberHarmonyIDs:Prefix(string)
 
(Filename: C:\buildslave\unity\build\Runtime/Export/Debug/Debug.bindings.h Line: 39)

[Analyzer] Failed to capture Harmony ctor, exception: Object reference not set to an instance of an object, occured at 
Analyzer.Profiling.RememberHarmonyIDs:Prefix(string)
 
(Filename: C:\buildslave\unity\build\Runtime/Export/Debug/Debug.bindings.h Line: 39)

[Analyzer] Failed to capture Harmony ctor, exception: Object reference not set to an instance of an object, occured at 
Analyzer.Profiling.RememberHarmonyIDs:Prefix(string)
 
(Filename: C:\buildslave\unity\build\Runtime/Export/Debug/Debug.bindings.h Line: 39)

[Analyzer] Failed to capture Harmony ctor, exception: Object reference not set to an instance of an object, occured at 
Analyzer.Profiling.RememberHarmonyIDs:Prefix(string)
 
(Filename: C:\buildslave\unity\build\Runtime/Export/Debug/Debug.bindings.h Line: 39)

[Analyzer] Failed to capture Harmony ctor, exception: Object reference not set to an instance of an object, occured at 
Analyzer.Profiling.RememberHarmonyIDs:Prefix(string)
 
(Filename: C:\buildslave\unity\build\Runtime/Export/Debug/Debug.bindings.h Line: 39)

[Analyzer] Failed to capture Harmony ctor, exception: Object reference not set to an instance of an object, occured at 
Analyzer.Profiling.RememberHarmonyIDs:Prefix(string)
 
(Filename: C:\buildslave\unity\build\Runtime/Export/Debug/Debug.bindings.h Line: 39)

[Analyzer] Failed to capture Harmony ctor, exception: Object reference not set to an instance of an object, occured at 
Analyzer.Profiling.RememberHarmonyIDs:Prefix(string)
 
(Filename: C:\buildslave\unity\build\Runtime/Export/Debug/Debug.bindings.h Line: 39)

[Analyzer] Failed to capture Harmony ctor, exception: Object reference not set to an instance of an object, occured at 
Analyzer.Profiling.RememberHarmonyIDs:Prefix(string)
 
(Filename: C:\buildslave\unity\build\Runtime/Export/Debug/Debug.bindings.h Line: 39)

[Analyzer] Failed to capture Harmony ctor, exception: Object reference not set to an instance of an object, occured at 
Analyzer.Profiling.RememberHarmonyIDs:Prefix(string)
 
(Filename: C:\buildslave\unity\build\Runtime/Export/Debug/Debug.bindings.h Line: 39)

[Analyzer] Failed to capture Harmony ctor, exception: Object reference not set to an instance of an object, occured at 
Analyzer.Profiling.RememberHarmonyIDs:Prefix(string)
 
(Filename: C:\buildslave\unity\build\Runtime/Export/Debug/Debug.bindings.h Line: 39)

[Analyzer] Failed to capture Harmony ctor, exception: Object reference not set to an instance of an object, occured at 
Analyzer.Profiling.RememberHarmonyIDs:Prefix(string)
 
(Filename: C:\buildslave\unity\build\Runtime/Export/Debug/Debug.bindings.h Line: 39)

[Analyzer] Failed to capture Harmony ctor, exception: Object reference not set to an instance of an object, occured at 
Analyzer.Profiling.RememberHarmonyIDs:Prefix(string)
 
(Filename: C:\buildslave\unity\build\Runtime/Export/Debug/Debug.bindings.h Line: 39)

[Analyzer] Failed to capture Harmony ctor, exception: Object reference not set to an instance of an object, occured at 
Analyzer.Profiling.RememberHarmonyIDs:Prefix(string)
 
(Filename: C:\buildslave\unity\build\Runtime/Export/Debug/Debug.bindings.h Line: 39)

[Analyzer] Failed to capture Harmony ctor, exception: Object reference not set to an instance of an object, occured at 
Analyzer.Profiling.RememberHarmonyIDs:Prefix(string)
 
(Filename: C:\buildslave\unity\build\Runtime/Export/Debug/Debug.bindings.h Line: 39)

[Analyzer] Failed to capture Harmony ctor, exception: Object reference not set to an instance of an object, occured at 
Analyzer.Profiling.RememberHarmonyIDs:Prefix(string)
 
(Filename: C:\buildslave\unity\build\Runtime/Export/Debug/Debug.bindings.h Line: 39)

[Analyzer] Failed to capture Harmony ctor, exception: Object reference not set to an instance of an object, occured at 
Analyzer.Profiling.RememberHarmonyIDs:Prefix(string)
 
(Filename: C:\buildslave\unity\build\Runtime/Export/Debug/Debug.bindings.h Line: 39)

[Analyzer] Failed to capture Harmony ctor, exception: Object reference not set to an instance of an object, occured at 
Analyzer.Profiling.RememberHarmonyIDs:Prefix(string)
 
(Filename: C:\buildslave\unity\build\Runtime/Export/Debug/Debug.bindings.h Line: 39)

[Analyzer] Failed to capture Harmony ctor, exception: Object reference not set to an instance of an object, occured at 
Analyzer.Profiling.RememberHarmonyIDs:Prefix(string)
 
(Filename: C:\buildslave\unity\build\Runtime/Export/Debug/Debug.bindings.h Line: 39)

[Analyzer] Failed to capture Harmony ctor, exception: Object reference not set to an instance of an object, occured at 
Analyzer.Profiling.RememberHarmonyIDs:Prefix(string)
 
(Filename: C:\buildslave\unity\build\Runtime/Export/Debug/Debug.bindings.h Line: 39)

[Analyzer] Failed to capture Harmony ctor, exception: Object reference not set to an instance of an object, occured at 
Analyzer.Profiling.RememberHarmonyIDs:Prefix(string)
 
(Filename: C:\buildslave\unity\build\Runtime/Export/Debug/Debug.bindings.h Line: 39)

[Analyzer] Failed to capture Harmony ctor, exception: Object reference not set to an instance of an object, occured at 
Analyzer.Profiling.RememberHarmonyIDs:Prefix(string)
 
(Filename: C:\buildslave\unity\build\Runtime/Export/Debug/Debug.bindings.h Line: 39)

[Analyzer] Failed to capture Harmony ctor, exception: Object reference not set to an instance of an object, occured at 
Analyzer.Profiling.RememberHarmonyIDs:Prefix(string)
 
(Filename: C:\buildslave\unity\build\Runtime/Export/Debug/Debug.bindings.h Line: 39)

[Analyzer] Failed to capture Harmony ctor, exception: Object reference not set to an instance of an object, occured at 
Analyzer.Profiling.RememberHarmonyIDs:Prefix(string)
 
(Filename: C:\buildslave\unity\build\Runtime/Export/Debug/Debug.bindings.h Line: 39)

[Analyzer] Failed to capture Harmony ctor, exception: Object reference not set to an instance of an object, occured at 
Analyzer.Profiling.RememberHarmonyIDs:Prefix(string)
 
(Filename: C:\buildslave\unity\build\Runtime/Export/Debug/Debug.bindings.h Line: 39)

[Analyzer] Failed to capture Harmony ctor, exception: Object reference not set to an instance of an object, occured at 
Analyzer.Profiling.RememberHarmonyIDs:Prefix(string)
 
(Filename: C:\buildslave\unity\build\Runtime/Export/Debug/Debug.bindings.h Line: 39)

[Analyzer] Failed to capture Harmony ctor, exception: Object reference not set to an instance of an object, occured at 
Analyzer.Profiling.RememberHarmonyIDs:Prefix(string)
 
(Filename: C:\buildslave\unity\build\Runtime/Export/Debug/Debug.bindings.h Line: 39)

[Analyzer] Failed to capture Harmony ctor, exception: Object reference not set to an instance of an object, occured at 
Analyzer.Profiling.RememberHarmonyIDs:Prefix(string)
 
(Filename: C:\buildslave\unity\build\Runtime/Export/Debug/Debug.bindings.h Line: 39)

[Analyzer] Failed to capture Harmony ctor, exception: Object reference not set to an instance of an object, occured at 
Analyzer.Profiling.RememberHarmonyIDs:Prefix(string)
 
(Filename: C:\buildslave\unity\build\Runtime/Export/Debug/Debug.bindings.h Line: 39)

[Analyzer] Failed to capture Harmony ctor, exception: Object reference not set to an instance of an object, occured at 
Analyzer.Profiling.RememberHarmonyIDs:Prefix(string)
 
(Filename: C:\buildslave\unity\build\Runtime/Export/Debug/Debug.bindings.h Line: 39)

[Analyzer] Failed to capture Harmony ctor, exception: Object reference not set to an instance of an object, occured at 
Analyzer.Profiling.RememberHarmonyIDs:Prefix(string)
 
(Filename: C:\buildslave\unity\build\Runtime/Export/Debug/Debug.bindings.h Line: 39)

[Analyzer] Failed to capture Harmony ctor, exception: Object reference not set to an instance of an object, occured at 
Analyzer.Profiling.RememberHarmonyIDs:Prefix(string)
 
(Filename: C:\buildslave\unity\build\Runtime/Export/Debug/Debug.bindings.h Line: 39)

[Analyzer] Failed to capture Harmony ctor, exception: Object reference not set to an instance of an object, occured at 
Analyzer.Profiling.RememberHarmonyIDs:Prefix(string)
 
(Filename: C:\buildslave\unity\build\Runtime/Export/Debug/Debug.bindings.h Line: 39)

[Analyzer] Failed to capture Harmony ctor, exception: Object reference not set to an instance of an object, occured at 
Analyzer.Profiling.RememberHarmonyIDs:Prefix(string)
 
(Filename: C:\buildslave\unity\build\Runtime/Export/Debug/Debug.bindings.h Line: 39)

[Analyzer] Failed to capture Harmony ctor, exception: Object reference not set to an instance of an object, occured at 
Analyzer.Profiling.RememberHarmonyIDs:Prefix(string)
 
(Filename: C:\buildslave\unity\build\Runtime/Export/Debug/Debug.bindings.h Line: 39)

[Analyzer] Failed to capture Harmony ctor, exception: Object reference not set to an instance of an object, occured at 
Analyzer.Profiling.RememberHarmonyIDs:Prefix(string)
 
(Filename: C:\buildslave\unity\build\Runtime/Export/Debug/Debug.bindings.h Line: 39)

[Analyzer] Failed to capture Harmony ctor, exception: Object reference not set to an instance of an object, occured at 
Analyzer.Profiling.RememberHarmonyIDs:Prefix(string)
 
(Filename: C:\buildslave\unity\build\Runtime/Export/Debug/Debug.bindings.h Line: 39)

[Analyzer] Failed to capture Harmony ctor, exception: Object reference not set to an instance of an object, occured at 
Analyzer.Profiling.RememberHarmonyIDs:Prefix(string)
 
(Filename: C:\buildslave\unity\build\Runtime/Export/Debug/Debug.bindings.h Line: 39)

[Analyzer] Failed to capture Harmony ctor, exception: Object reference not set to an instance of an object, occured at 
Analyzer.Profiling.RememberHarmonyIDs:Prefix(string)
 
(Filename: C:\buildslave\unity\build\Runtime/Export/Debug/Debug.bindings.h Line: 39)

[Analyzer] Failed to capture Harmony ctor, exception: Object reference not set to an instance of an object, occured at 
Analyzer.Profiling.RememberHarmonyIDs:Prefix(string)
 
(Filename: C:\buildslave\unity\build\Runtime/Export/Debug/Debug.bindings.h Line: 39)

[Analyzer] Failed to capture Harmony ctor, exception: Object reference not set to an instance of an object, occured at 
Analyzer.Profiling.RememberHarmonyIDs:Prefix(string)
 
(Filename: C:\buildslave\unity\build\Runtime/Export/Debug/Debug.bindings.h Line: 39)

[Analyzer] Failed to capture Harmony ctor, exception: Object reference not set to an instance of an object, occured at 
Analyzer.Profiling.RememberHarmonyIDs:Prefix(string)
 
(Filename: C:\buildslave\unity\build\Runtime/Export/Debug/Debug.bindings.h Line: 39)

[Analyzer] Failed to capture Harmony ctor, exception: Object reference not set to an instance of an object, occured at 
Analyzer.Profiling.RememberHarmonyIDs:Prefix(string)
 
(Filename: C:\buildslave\unity\build\Runtime/Export/Debug/Debug.bindings.h Line: 39)

[Analyzer] Failed to capture Harmony ctor, exception: Object reference not set to an instance of an object, occured at 
Analyzer.Profiling.RememberHarmonyIDs:Prefix(string)
 
(Filename: C:\buildslave\unity\build\Runtime/Export/Debug/Debug.bindings.h Line: 39)

[Analyzer] Failed to capture Harmony ctor, exception: Object reference not set to an instance of an object, occured at 
Analyzer.Profiling.RememberHarmonyIDs:Prefix(string)
 
(Filename: C:\buildslave\unity\build\Runtime/Export/Debug/Debug.bindings.h Line: 39)

[Analyzer] Failed to capture Harmony ctor, exception: Object reference not set to an instance of an object, occured at 
Analyzer.Profiling.RememberHarmonyIDs:Prefix(string)
 
(Filename: C:\buildslave\unity\build\Runtime/Export/Debug/Debug.bindings.h Line: 39)

[Analyzer] Failed to capture Harmony ctor, exception: Object reference not set to an instance of an object, occured at 
Analyzer.Profiling.RememberHarmonyIDs:Prefix(string)
 
(Filename: C:\buildslave\unity\build\Runtime/Export/Debug/Debug.bindings.h Line: 39)

[Analyzer] Failed to capture Harmony ctor, exception: Object reference not set to an instance of an object, occured at 
Analyzer.Profiling.RememberHarmonyIDs:Prefix(string)
 
(Filename: C:\buildslave\unity\build\Runtime/Export/Debug/Debug.bindings.h Line: 39)

[Analyzer] Failed to capture Harmony ctor, exception: Object reference not set to an instance of an object, occured at 
Analyzer.Profiling.RememberHarmonyIDs:Prefix(string)
 
(Filename: C:\buildslave\unity\build\Runtime/Export/Debug/Debug.bindings.h Line: 39)

[Analyzer] Failed to capture Harmony ctor, exception: Object reference not set to an instance of an object, occured at 
Analyzer.Profiling.RememberHarmonyIDs:Prefix(string)
 
(Filename: C:\buildslave\unity\build\Runtime/Export/Debug/Debug.bindings.h Line: 39)

[Analyzer] Failed to capture Harmony ctor, exception: Object reference not set to an instance of an object, occured at 
Analyzer.Profiling.RememberHarmonyIDs:Prefix(string)
 
(Filename: C:\buildslave\unity\build\Runtime/Export/Debug/Debug.bindings.h Line: 39)

[Analyzer] Failed to capture Harmony ctor, exception: Object reference not set to an instance of an object, occured at 
Analyzer.Profiling.RememberHarmonyIDs:Prefix(string)
 
(Filename: C:\buildslave\unity\build\Runtime/Export/Debug/Debug.bindings.h Line: 39)

[Analyzer] Failed to capture Harmony ctor, exception: Object reference not set to an instance of an object, occured at 
Analyzer.Profiling.RememberHarmonyIDs:Prefix(string)
 
(Filename: C:\buildslave\unity\build\Runtime/Export/Debug/Debug.bindings.h Line: 39)

[Analyzer] Failed to capture Harmony ctor, exception: Object reference not set to an instance of an object, occured at 
Analyzer.Profiling.RememberHarmonyIDs:Prefix(string)
 
(Filename: C:\buildslave\unity\build\Runtime/Export/Debug/Debug.bindings.h Line: 39)

[Analyzer] Failed to capture Harmony ctor, exception: Object reference not set to an instance of an object, occured at 
Analyzer.Profiling.RememberHarmonyIDs:Prefix(string)
 
(Filename: C:\buildslave\unity\build\Runtime/Export/Debug/Debug.bindings.h Line: 39)

[Analyzer] Failed to capture Harmony ctor, exception: Object reference not set to an instance of an object, occured at 
Analyzer.Profiling.RememberHarmonyIDs:Prefix(string)
 
(Filename: C:\buildslave\unity\build\Runtime/Export/Debug/Debug.bindings.h Line: 39)

[Analyzer] Failed to capture Harmony ctor, exception: Object reference not set to an instance of an object, occured at 
Analyzer.Profiling.RememberHarmonyIDs:Prefix(string)
 
(Filename: C:\buildslave\unity\build\Runtime/Export/Debug/Debug.bindings.h Line: 39)

[Analyzer] Failed to capture Harmony ctor, exception: Object reference not set to an instance of an object, occured at 
Analyzer.Profiling.RememberHarmonyIDs:Prefix(string)
 
(Filename: C:\buildslave\unity\build\Runtime/Export/Debug/Debug.bindings.h Line: 39)

[Analyzer] Failed to capture Harmony ctor, exception: Object reference not set to an instance of an object, occured at 
Analyzer.Profiling.RememberHarmonyIDs:Prefix(string)
 
(Filename: C:\buildslave\unity\build\Runtime/Export/Debug/Debug.bindings.h Line: 39)

[Analyzer] Failed to capture Harmony ctor, exception: Object reference not set to an instance of an object, occured at 
Analyzer.Profiling.RememberHarmonyIDs:Prefix(string)
 
(Filename: C:\buildslave\unity\build\Runtime/Export/Debug/Debug.bindings.h Line: 39)

[Analyzer] Failed to capture Harmony ctor, exception: Object reference not set to an instance of an object, occured at 
Analyzer.Profiling.RememberHarmonyIDs:Prefix(string)
 
(Filename: C:\buildslave\unity\build\Runtime/Export/Debug/Debug.bindings.h Line: 39)

[Analyzer] Failed to capture Harmony ctor, exception: Object reference not set to an instance of an object, occured at 
Analyzer.Profiling.RememberHarmonyIDs:Prefix(string)
 
(Filename: C:\buildslave\unity\build\Runtime/Export/Debug/Debug.bindings.h Line: 39)

[Analyzer] Failed to capture Harmony ctor, exception: Object reference not set to an instance of an object, occured at 
Analyzer.Profiling.RememberHarmonyIDs:Prefix(string)
 
(Filename: C:\buildslave\unity\build\Runtime/Export/Debug/Debug.bindings.h Line: 39)

[Analyzer] Failed to capture Harmony ctor, exception: Object reference not set to an instance of an object, occured at 
Analyzer.Profiling.RememberHarmonyIDs:Prefix(string)
 
(Filename: C:\buildslave\unity\build\Runtime/Export/Debug/Debug.bindings.h Line: 39)

[Analyzer] Failed to capture Harmony ctor, exception: Object reference not set to an instance of an object, occured at 
Analyzer.Profiling.RememberHarmonyIDs:Prefix(string)
 
(Filename: C:\buildslave\unity\build\Runtime/Export/Debug/Debug.bindings.h Line: 39)

[Analyzer] Failed to capture Harmony ctor, exception: Object reference not set to an instance of an object, occured at 
Analyzer.Profiling.RememberHarmonyIDs:Prefix(string)
 
(Filename: C:\buildslave\unity\build\Runtime/Export/Debug/Debug.bindings.h Line: 39)

[Analyzer] Failed to capture Harmony ctor, exception: Object reference not set to an instance of an object, occured at 
Analyzer.Profiling.RememberHarmonyIDs:Prefix(string)
 
(Filename: C:\buildslave\unity\build\Runtime/Export/Debug/Debug.bindings.h Line: 39)

[Analyzer] Failed to capture Harmony ctor, exception: Object reference not set to an instance of an object, occured at 
Analyzer.Profiling.RememberHarmonyIDs:Prefix(string)
 
(Filename: C:\buildslave\unity\build\Runtime/Export/Debug/Debug.bindings.h Line: 39)

[Analyzer] Failed to capture Harmony ctor, exception: Object reference not set to an instance of an object, occured at 
Analyzer.Profiling.RememberHarmonyIDs:Prefix(string)
 
(Filename: C:\buildslave\unity\build\Runtime/Export/Debug/Debug.bindings.h Line: 39)

[Analyzer] Failed to capture Harmony ctor, exception: Object reference not set to an instance of an object, occured at 
Analyzer.Profiling.RememberHarmonyIDs:Prefix(string)
 
(Filename: C:\buildslave\unity\build\Runtime/Export/Debug/Debug.bindings.h Line: 39)

[Analyzer] Failed to capture Harmony ctor, exception: Object reference not set to an instance of an object, occured at 
Analyzer.Profiling.RememberHarmonyIDs:Prefix(string)
 
(Filename: C:\buildslave\unity\build\Runtime/Export/Debug/Debug.bindings.h Line: 39)

[Analyzer] Failed to capture Harmony ctor, exception: Object reference not set to an instance of an object, occured at 
Analyzer.Profiling.RememberHarmonyIDs:Prefix(string)
 
(Filename: C:\buildslave\unity\build\Runtime/Export/Debug/Debug.bindings.h Line: 39)

[Analyzer] Failed to capture Harmony ctor, exception: Object reference not set to an instance of an object, occured at 
Analyzer.Profiling.RememberHarmonyIDs:Prefix(string)
 
(Filename: C:\buildslave\unity\build\Runtime/Export/Debug/Debug.bindings.h Line: 39)

[Analyzer] Failed to capture Harmony ctor, exception: Object reference not set to an instance of an object, occured at 
Analyzer.Profiling.RememberHarmonyIDs:Prefix(string)
 
(Filename: C:\buildslave\unity\build\Runtime/Export/Debug/Debug.bindings.h Line: 39)

[Analyzer] Failed to capture Harmony ctor, exception: Object reference not set to an instance of an object, occured at 
Analyzer.Profiling.RememberHarmonyIDs:Prefix(string)
 
(Filename: C:\buildslave\unity\build\Runtime/Export/Debug/Debug.bindings.h Line: 39)

[Analyzer] Failed to capture Harmony ctor, exception: Object reference not set to an instance of an object, occured at 
Analyzer.Profiling.RememberHarmonyIDs:Prefix(string)
 
(Filename: C:\buildslave\unity\build\Runtime/Export/Debug/Debug.bindings.h Line: 39)

[Analyzer] Failed to capture Harmony ctor, exception: Object reference not set to an instance of an object, occured at 
Analyzer.Profiling.RememberHarmonyIDs:Prefix(string)
 
(Filename: C:\buildslave\unity\build\Runtime/Export/Debug/Debug.bindings.h Line: 39)

[Analyzer] Failed to capture Harmony ctor, exception: Object reference not set to an instance of an object, occured at 
Analyzer.Profiling.RememberHarmonyIDs:Prefix(string)
 
(Filename: C:\buildslave\unity\build\Runtime/Export/Debug/Debug.bindings.h Line: 39)

[Analyzer] Failed to capture Harmony ctor, exception: Object reference not set to an instance of an object, occured at 
Analyzer.Profiling.RememberHarmonyIDs:Prefix(string)
 
(Filename: C:\buildslave\unity\build\Runtime/Export/Debug/Debug.bindings.h Line: 39)

[Analyzer] Failed to capture Harmony ctor, exception: Object reference not set to an instance of an object, occured at 
Analyzer.Profiling.RememberHarmonyIDs:Prefix(string)
 
(Filename: C:\buildslave\unity\build\Runtime/Export/Debug/Debug.bindings.h Line: 39)

[Analyzer] Failed to capture Harmony ctor, exception: Object reference not set to an instance of an object, occured at 
Analyzer.Profiling.RememberHarmonyIDs:Prefix(string)
 
(Filename: C:\buildslave\unity\build\Runtime/Export/Debug/Debug.bindings.h Line: 39)

[Analyzer] Failed to capture Harmony ctor, exception: Object reference not set to an instance of an object, occured at 
Analyzer.Profiling.RememberHarmonyIDs:Prefix(string)
 
(Filename: C:\buildslave\unity\build\Runtime/Export/Debug/Debug.bindings.h Line: 39)

[Analyzer] Failed to capture Harmony ctor, exception: Object reference not set to an instance of an object, occured at 
Analyzer.Profiling.RememberHarmonyIDs:Prefix(string)
 
(Filename: C:\buildslave\unity\build\Runtime/Export/Debug/Debug.bindings.h Line: 39)

[Analyzer] Failed to capture Harmony ctor, exception: Object reference not set to an instance of an object, occured at 
Analyzer.Profiling.RememberHarmonyIDs:Prefix(string)
 
(Filename: C:\buildslave\unity\build\Runtime/Export/Debug/Debug.bindings.h Line: 39)

[Analyzer] Failed to capture Harmony ctor, exception: Object reference not set to an instance of an object, occured at 
Analyzer.Profiling.RememberHarmonyIDs:Prefix(string)
 
(Filename: C:\buildslave\unity\build\Runtime/Export/Debug/Debug.bindings.h Line: 39)

[Analyzer] Failed to capture Harmony ctor, exception: Object reference not set to an instance of an object, occured at 
Analyzer.Profiling.RememberHarmonyIDs:Prefix(string)
 
(Filename: C:\buildslave\unity\build\Runtime/Export/Debug/Debug.bindings.h Line: 39)

[Analyzer] Failed to capture Harmony ctor, exception: Object reference not set to an instance of an object, occured at 
Analyzer.Profiling.RememberHarmonyIDs:Prefix(string)
 
(Filename: C:\buildslave\unity\build\Runtime/Export/Debug/Debug.bindings.h Line: 39)

[Analyzer] Failed to capture Harmony ctor, exception: Object reference not set to an instance of an object, occured at 
Analyzer.Profiling.RememberHarmonyIDs:Prefix(string)
 
(Filename: C:\buildslave\unity\build\Runtime/Export/Debug/Debug.bindings.h Line: 39)

[Analyzer] Failed to capture Harmony ctor, exception: Object reference not set to an instance of an object, occured at 
Analyzer.Profiling.RememberHarmonyIDs:Prefix(string)
 
(Filename: C:\buildslave\unity\build\Runtime/Export/Debug/Debug.bindings.h Line: 39)

[Analyzer] Failed to capture Harmony ctor, exception: Object reference not set to an instance of an object, occured at 
Analyzer.Profiling.RememberHarmonyIDs:Prefix(string)
 
(Filename: C:\buildslave\unity\build\Runtime/Export/Debug/Debug.bindings.h Line: 39)

[Analyzer] Failed to capture Harmony ctor, exception: Object reference not set to an instance of an object, occured at 
Analyzer.Profiling.RememberHarmonyIDs:Prefix(string)
 
(Filename: C:\buildslave\unity\build\Runtime/Export/Debug/Debug.bindings.h Line: 39)

[Analyzer] Failed to capture Harmony ctor, exception: Object reference not set to an instance of an object, occured at 
Analyzer.Profiling.RememberHarmonyIDs:Prefix(string)
 
(Filename: C:\buildslave\unity\build\Runtime/Export/Debug/Debug.bindings.h Line: 39)

[Analyzer] Failed to capture Harmony ctor, exception: Object reference not set to an instance of an object, occured at 
Analyzer.Profiling.RememberHarmonyIDs:Prefix(string)
 
(Filename: C:\buildslave\unity\build\Runtime/Export/Debug/Debug.bindings.h Line: 39)

[Analyzer] Failed to capture Harmony ctor, exception: Object reference not set to an instance of an object, occured at 
Analyzer.Profiling.RememberHarmonyIDs:Prefix(string)
 
(Filename: C:\buildslave\unity\build\Runtime/Export/Debug/Debug.bindings.h Line: 39)

[Analyzer] Failed to capture Harmony ctor, exception: Object reference not set to an instance of an object, occured at 
Analyzer.Profiling.RememberHarmonyIDs:Prefix(string)
 
(Filename: C:\buildslave\unity\build\Runtime/Export/Debug/Debug.bindings.h Line: 39)

[Analyzer] Failed to capture Harmony ctor, exception: Object reference not set to an instance of an object, occured at 
Analyzer.Profiling.RememberHarmonyIDs:Prefix(string)
 
(Filename: C:\buildslave\unity\build\Runtime/Export/Debug/Debug.bindings.h Line: 39)

[Analyzer] Failed to capture Harmony ctor, exception: Object reference not set to an instance of an object, occured at 
Analyzer.Profiling.RememberHarmonyIDs:Prefix(string)
 
(Filename: C:\buildslave\unity\build\Runtime/Export/Debug/Debug.bindings.h Line: 39)

[Analyzer] Failed to capture Harmony ctor, exception: Object reference not set to an instance of an object, occured at 
Analyzer.Profiling.RememberHarmonyIDs:Prefix(string)
 
(Filename: C:\buildslave\unity\build\Runtime/Export/Debug/Debug.bindings.h Line: 39)

[Analyzer] Failed to capture Harmony ctor, exception: Object reference not set to an instance of an object, occured at 
Analyzer.Profiling.RememberHarmonyIDs:Prefix(string)
 
(Filename: C:\buildslave\unity\build\Runtime/Export/Debug/Debug.bindings.h Line: 39)

[Analyzer] Failed to capture Harmony ctor, exception: Object reference not set to an instance of an object, occured at 
Analyzer.Profiling.RememberHarmonyIDs:Prefix(string)
 
(Filename: C:\buildslave\unity\build\Runtime/Export/Debug/Debug.bindings.h Line: 39)

[Analyzer] Failed to capture Harmony ctor, exception: Object reference not set to an instance of an object, occured at 
Analyzer.Profiling.RememberHarmonyIDs:Prefix(string)
 
(Filename: C:\buildslave\unity\build\Runtime/Export/Debug/Debug.bindings.h Line: 39)

[Analyzer] Failed to capture Harmony ctor, exception: Object reference not set to an instance of an object, occured at 
Analyzer.Profiling.RememberHarmonyIDs:Prefix(string)
 
(Filename: C:\buildslave\unity\build\Runtime/Export/Debug/Debug.bindings.h Line: 39)

[Analyzer] Failed to capture Harmony ctor, exception: Object reference not set to an instance of an object, occured at 
Analyzer.Profiling.RememberHarmonyIDs:Prefix(string)
 
(Filename: C:\buildslave\unity\build\Runtime/Export/Debug/Debug.bindings.h Line: 39)

[Analyzer] Failed to capture Harmony ctor, exception: Object reference not set to an instance of an object, occured at 
Analyzer.Profiling.RememberHarmonyIDs:Prefix(string)
 
(Filename: C:\buildslave\unity\build\Runtime/Export/Debug/Debug.bindings.h Line: 39)

Luxuria tried to wear Apparel_BasicShirt609 but is not allowed to. 
(Filename: C:\buildslave\unity\build\Runtime/Export/Debug/Debug.bindings.h Line: 39)

Luxuria tried to wear Apparel_Pants610 but is not allowed to. 
(Filename: C:\buildslave\unity\build\Runtime/Export/Debug/Debug.bindings.h Line: 39)

Unloading 5 Unused Serialized files (Serialized files now loaded: 5)

Unloading 2481 unused Assets to reduce memory usage. Loaded Objects now: 66407.
Total: 803.599900 ms (FindLiveObjects: 8.338200 ms CreateObjectMapping: 1.858300 ms MarkObjects: 791.183300 ms  DeleteObjects: 2.219800 ms)

Getting random element from empty collection. 
(Filename: C:\buildslave\unity\build\Runtime/Export/Debug/Debug.bindings.h Line: 39)

Getting random element from empty collection. 
(Filename: C:\buildslave\unity\build\Runtime/Export/Debug/Debug.bindings.h Line: 39)

Unknown or mixed worktags for naming: 948 
(Filename: C:\buildslave\unity\build\Runtime/Export/Debug/Debug.bindings.h Line: 39)

Accessing TicksAbs but gameStartAbsTick is not set yet (you most likely want to use GenTicks.TicksAbs instead). 
(Filename: C:\buildslave\unity\build\Runtime/Export/Debug/Debug.bindings.h Line: 39)

Unloading 3 Unused Serialized files (Serialized files now loaded: 5)
UnloadTime: 37.938500 ms

Unloading 24 unused Assets to reduce memory usage. Loaded Objects now: 87825.
Total: 1217.821000 ms (FindLiveObjects: 45.083400 ms CreateObjectMapping: 7.909800 ms MarkObjects: 1164.613000 ms  DeleteObjects: 0.214400 ms)

QualityBuilder added property to '305' things
Initializing new game with mods:
  - brrainz.harmony
  - Ludeon.RimWorld
  - Ludeon.RimWorld.Royalty
  - Ludeon.RimWorld.Ideology
  - Ludeon.RimWorld.Biotech
  - Ludeon.RimWorld.Anomaly
  - RedMattis.BetterPrerequisites
  - UnlimitedHugs.HugsLib
  - Mlie.10xCarryingCapacity
  - JintuziLamian.Hairstyle.AFUWomenshairstyles
  - JintuziLamian.Hairstyle.AFUMenshairstyles
  - imranfish.xmlextensions
  - Gewen.AdditionalTraits
  - UnlimitedHugs.AllowTool
  - KingsMan.AnomalyPatch
  - Teok25.ArchotechExpanded
  - RedMattis.BetterChildren
  - RedMattis.BetterGeneInheritance
  - falconne.BWM
  - Daria40K.BigLittleModPatch
  - Nals.FacialAnimation
  - Nals.FacialAnimationExperimentals
  - erdelf.HumanoidAlienRaces
  - RedMattis.BigSmall.Core
  - RedMattis.Heaven
  - RedMattis.BigSmall
  - RedMattis.BigWeapons
  - RedMattis.Yokai
  - OskarPotocki.VanillaFactionsExpanded.Core
  - VanillaExpanded.VFECore
  - VanillaExpanded.VFEMedical
  - RedMattis.BSFurniture
  - DerekBickley.LTOColonyGroupsFinal
  - CrashM.ColorCodedMoodBar.11
  - VanillaExpanded.VPlantsE
  - VanillaExpanded.VTEXE
  - IH.Clean.Textures
  - Mlie.ClothingSorter
  - BDew.CremateAutoStrip
  - davai.sortedcategories
  - UnlimitedHugs.DefensivePositions
  - proxyer.dismantleancientjunk
  - jecrell.doorsexpanded
  - telardo.DragSelect
  - eagle0600.dressPatients.1.4
  - Dubwise.DubsMintMenus
  - dubwise.dubsmintminimap
  - Dubwise.DubsPerformanceAnalyzer.steam
  - Dubwise.Rimatomics
  - Aelanna.EccentricExtras.AngelHairs
  - Murmur.EnemySelfPreservation
  - Mlie.ExpandedRoofing
  - Barb.Facetexture
  - Hawkwood.FloorsAreWorthless
  - zylle.Gemstones
  - Aelanna.GetOutOfMyChair
  - automatic.gradienthair
  - Telefonmast.GraphicsSettings
  - SmashPhil.VehicleFramework
  - kentington.saveourship2
  - VanillaExpanded.VAEAccessories
  - OskarPotocki.VFE.Mechanoid
  - VanillaExpanded.VWENL
  - CETeam.CombatExtended
  - velc.HatsDisplaySelection
  - Nals.CompatibleBody2
  - Nals.RealisticBody
  - nalsnoir.ApparelPaperPattern
  - WRK.APPBodyTypeOverrider
  - WRK.THIGAPPE
  - LanYv.HoomanCuteReborn
  - biowreck.hyperweaveplantation
  - Murmur.IncidentDisabler
  - Jaxe.Bubbles
  - Syrus.LightMap
  - rswallen.linkedplanters
  - m00nl1ght.MapPreview
  - TheRealLemon.MapReroll
  - Samael.NPCMechsAndAnimals
  - Ancot.AncotLibrary
  - Ancot.MiliraRace
  - Ancot.MiliraRaceFacialAnimation
  - Haplo.Miscellaneous.Robots
  - Alaestor.MiscRobots.PlusPlus
  - Haplo.Miscellaneous.Training
  - Arquebus.MorePersonaTraits
  - Unon.NoBurnMetal
  - Doug.NoJobAuthors
  - Ogre.OgreStack
  - Taranchuk.PerformanceOptimizer
  - densevoid.hui.personalworkcat
  - Mlie.PerspectiveEaves
  - Mehni.PickUpAndHaul
  - Scherub.PlanningExtended
  - spdskatr.projectrimfactory
  - spdskatr.projectrimfactory.drones
  - Mlie.ProstheticNoMissingBodyParts
  - tr.qualcolor
  - hatti.qualitybuilder
  - Rah.RBSE
  - Sandy.RPGStyleInventory.avilmask.Revamped
  - FLASHPOINT55.RPGStyleLevelUpMod
  - ratys.rtsolarflareshield
  - Lucifer.RealisticRooms
  - adaptive.storage.framework
  - VanillaExpanded.VFEPropsandDecor
  - reel.expanded.storage
  - sirrandoo.rda
  - Uuugggg.ReplaceStuff
  - Mlie.ResearchTree
  - rimfridge.kv.rw
  - Dubwise.Rimefeller
  - gguake.apparelbodyresolver
  - void.charactereditor
  - prkr.GeneTools
  - LanYv.SelectiveRetextureBasedonGene
  - avilmask.SelfDyeing
  - FlashPoint55.Selfreloadingtraps
  - PeteTimesSix.SimpleSidearms
  - dhultgren.smarterconstruction
  - Mlie.SmarterDeconstructionAndMining
  - weilbyte.snapout
  - Uuugggg.TDSBugFixes
  - Uuugggg.TDFindLib
  - Meow.TradableStoneBlocks
  - captaingeorge.TradersHaveMoney
  - velc.TrapDisable
  - nephlite.orbitaltradecolumn
  - JXW.UtilityColumnsForRoyalty
  - VanillaExpanded.VFEArt
  - VanillaExpanded.VFEFarming
  - VanillaExpanded.VFEProduction
  - VanillaExpanded.VFESpacer
  - hourai.vanillahairsretex
  - VanillaExpanded.VIEHAR
  - vanillaexpanded.outposts
  - VanillaExpanded.VPersonaWeaponsE
  - VanillaExpanded.VPlantsEMushrooms
  - VanillaExpanded.Temperature
  - VanillaExpanded.VanillaTraitsExpanded
  - Mlie.WeaponsSorter
  - sarg.alphagenes
  - Dubwise.DubsBadHygiene
  - avilmask.CommonSense
  - Dubwise.DubsRimkit
  - Owlchemist.CeilingUtilities
  - VanillaExpanded.VAPPE
  - VanillaExpanded.VARME
  - VanillaExpanded.VFEArchitect
  - VanillaExpanded.VFEPower
  - VanillaExpanded.VFESecurity
  - VanillaExpanded.VNutrientE
  - VanillaExpanded.VPlantsEMore
  - Owlchemist.FridgeUtilities
  - VanillaExpanded.VPsycastsE
  - Jaxe.RimHUD
  - vanillaexpanded.skills
  - OskarPotocki.VanillaVehiclesExpanded
  - FrozenSnowFox.FrozenSnowFoxTweaks
  - FrozenSnowFox.SimpleEducation
  - Grizzlemethis.TradingSpot.RW
  - s16.sbto
  - Wemd.ExpandedFloors
  - Krkr.RocketMan
Kuro tried to wear VAE_Apparel_Apron49602 but is not allowed to. 
(Filename: C:\buildslave\unity\build\Runtime/Export/Debug/Debug.bindings.h Line: 39)

<color=#00FFFFFF>SOS2: </color>Map-0-PlayerHome<color=#00FF00FF> Recached,</color> Found ships: 0
ShallowReservoirSeed == 0 Regenerating seeds
checking editor settings...
bodysizes genes are active
QualityBuilder added to orders category.
[ResearchTree]: Node for Power Factor Setting for RimFridge not found. Was it intentionally hidden or locked? 
(Filename: C:\buildslave\unity\build\Runtime/Export/Debug/Debug.bindings.h Line: 39)

Unloading 0 Unused Serialized files (Serialized files now loaded: 5)

Unloading 1 unused Assets to reduce memory usage. Loaded Objects now: 94334.
Total: 1393.008800 ms (FindLiveObjects: 2.485300 ms CreateObjectMapping: 7.012000 ms MarkObjects: 1383.330600 ms  DeleteObjects: 0.180600 ms)

Trying to remove giant but Nixriel doesn't have it. 
(Filename: C:\buildslave\unity\build\Runtime/Export/Debug/Debug.bindings.h Line: 39)

[Analyzer] Unpatched all profiling methods
[Analyzer] Cleared Patch Caches
[Analyzer] Cleared Profiles
[Analyzer] Cleared Logs
[Analyzer] Cleared Entries
Trying to save reference to a discarded thing Cassandra with saveDestroyedThings=true. This means that it's not deep-saved anywhere and is no longer managed by anything in the code, so saving its reference will always fail. , label=pawn 
(Filename: C:\buildslave\unity\build\Runtime/Export/Debug/Debug.bindings.h Line: 39)

Trying to save reference to a discarded thing Cassandra with saveDestroyedThings=true. This means that it's not deep-saved anywhere and is no longer managed by anything in the code, so saving its reference will always fail. , label=pawn 
(Filename: C:\buildslave\unity\build\Runtime/Export/Debug/Debug.bindings.h Line: 39)

Trying to save reference to a discarded thing Cassandra with saveDestroyedThings=true. This means that it's not deep-saved anywhere and is no longer managed by anything in the code, so saving its reference will always fail. , label=pawn 
(Filename: C:\buildslave\unity\build\Runtime/Export/Debug/Debug.bindings.h Line: 39)

Setting up 10 worker threads for Enlighten.
  Thread -> id: 800c -> priority: 1 
  Thread -> id: 8d94 -> priority: 1 
  Thread -> id: 561c -> priority: 1 
  Thread -> id: 9140 -> priority: 1 
  Thread -> id: 5d20 -> priority: 1 
  Thread -> id: 7404 -> priority: 1 
  Thread -> id: a480 -> priority: 1 
  Thread -> id: a4b4 -> priority: 1 
  Thread -> id: 5214 -> priority: 1 
  Thread -> id: 4998 -> priority: 1 
